  listmenu.cpp
D:\visual studio project\yuyucloudmusic v2.4\Project_List\FileToList.h(12,2): warning C4091: “typedef ”: 没有声明变量时忽略“Media”的左侧
D:\visual studio project\yuyucloudmusic v2.4\Project_List\FileToList.h(19,2): warning C4091: “typedef ”: 没有声明变量时忽略“mediaNode”的左侧
  playerWindow.cpp
D:\visual studio project\yuyucloudmusic v2.4\Project_List\FileToList.h(12,2): warning C4091: “typedef ”: 没有声明变量时忽略“Media”的左侧
D:\visual studio project\yuyucloudmusic v2.4\Project_List\FileToList.h(19,2): warning C4091: “typedef ”: 没有声明变量时忽略“mediaNode”的左侧
D:\visual studio project\yuyucloudmusic v2.4\Project_List\playerWindow.cpp(119,29): warning C4244: “=”: 从“double”转换到“int”，可能丢失数据
D:\visual studio project\yuyucloudmusic v2.4\Project_List\playerWindow.cpp(23,2): warning C4996: 'strcpy': This function or variable may be unsafe. Consider using strcpy_s instead. To disable deprecation, use _CRT_SECURE_NO_WARNINGS. See online help for details.
D:\visual studio project\yuyucloudmusic v2.4\Project_List\playerWindow.cpp(110,3): warning C4996: 'strcpy': This function or variable may be unsafe. Consider using strcpy_s instead. To disable deprecation, use _CRT_SECURE_NO_WARNINGS. See online help for details.
D:\visual studio project\yuyucloudmusic v2.4\Project_List\playerWindow.cpp(134,6): warning C4996: 'strcpy': This function or variable may be unsafe. Consider using strcpy_s instead. To disable deprecation, use _CRT_SECURE_NO_WARNINGS. See online help for details.
D:\visual studio project\yuyucloudmusic v2.4\Project_List\playerWindow.cpp(144,7): warning C4996: 'strcpy': This function or variable may be unsafe. Consider using strcpy_s instead. To disable deprecation, use _CRT_SECURE_NO_WARNINGS. See online help for details.
D:\visual studio project\yuyucloudmusic v2.4\Project_List\playerWindow.cpp(153,7): warning C4996: 'strcpy': This function or variable may be unsafe. Consider using strcpy_s instead. To disable deprecation, use _CRT_SECURE_NO_WARNINGS. See online help for details.
D:\visual studio project\yuyucloudmusic v2.4\Project_List\playerWindow.cpp(162,7): warning C4996: 'strcpy': This function or variable may be unsafe. Consider using strcpy_s instead. To disable deprecation, use _CRT_SECURE_NO_WARNINGS. See online help for details.
D:\visual studio project\yuyucloudmusic v2.4\Project_List\playerWindow.cpp(184,6): warning C4996: 'strcpy': This function or variable may be unsafe. Consider using strcpy_s instead. To disable deprecation, use _CRT_SECURE_NO_WARNINGS. See online help for details.
D:\visual studio project\yuyucloudmusic v2.4\Project_List\playerWindow.cpp(205,6): warning C4996: 'strcpy': This function or variable may be unsafe. Consider using strcpy_s instead. To disable deprecation, use _CRT_SECURE_NO_WARNINGS. See online help for details.
D:\visual studio project\yuyucloudmusic v2.4\Project_List\playerWindow.cpp(242,7): warning C4996: 'strcpy': This function or variable may be unsafe. Consider using strcpy_s instead. To disable deprecation, use _CRT_SECURE_NO_WARNINGS. See online help for details.
D:\visual studio project\yuyucloudmusic v2.4\Project_List\playerWindow.cpp(249,7): warning C4996: 'strcpy': This function or variable may be unsafe. Consider using strcpy_s instead. To disable deprecation, use _CRT_SECURE_NO_WARNINGS. See online help for details.
D:\visual studio project\yuyucloudmusic v2.4\Project_List\playerWindow.cpp(256,7): warning C4996: 'strcpy': This function or variable may be unsafe. Consider using strcpy_s instead. To disable deprecation, use _CRT_SECURE_NO_WARNINGS. See online help for details.
D:\visual studio project\yuyucloudmusic v2.4\Project_List\playerWindow.cpp(309,4): warning C4996: 'strcpy': This function or variable may be unsafe. Consider using strcpy_s instead. To disable deprecation, use _CRT_SECURE_NO_WARNINGS. See online help for details.
D:\visual studio project\yuyucloudmusic v2.4\Project_List\playerWindow.cpp(319,4): warning C4996: 'strcpy': This function or variable may be unsafe. Consider using strcpy_s instead. To disable deprecation, use _CRT_SECURE_NO_WARNINGS. See online help for details.
D:\visual studio project\yuyucloudmusic v2.4\Project_List\playerWindow.cpp(334,4): warning C4996: 'strcpy': This function or variable may be unsafe. Consider using strcpy_s instead. To disable deprecation, use _CRT_SECURE_NO_WARNINGS. See online help for details.
D:\visual studio project\yuyucloudmusic v2.4\Project_List\playerWindow.cpp(345,2): warning C4996: 'strcpy': This function or variable may be unsafe. Consider using strcpy_s instead. To disable deprecation, use _CRT_SECURE_NO_WARNINGS. See online help for details.
D:\visual studio project\yuyucloudmusic v2.4\Project_List\playerWindow.cpp(438,2): warning C4996: 'itoa': The POSIX name for this item is deprecated. Instead, use the ISO C and C++ conformant name: _itoa. See online help for details.
D:\visual studio project\yuyucloudmusic v2.4\Project_List\playerWindow.cpp(439,2): warning C4996: 'itoa': The POSIX name for this item is deprecated. Instead, use the ISO C and C++ conformant name: _itoa. See online help for details.
D:\visual studio project\yuyucloudmusic v2.4\Project_List\playerWindow.cpp(440,2): warning C4996: 'strcpy': This function or variable may be unsafe. Consider using strcpy_s instead. To disable deprecation, use _CRT_SECURE_NO_WARNINGS. See online help for details.
D:\visual studio project\yuyucloudmusic v2.4\Project_List\playerWindow.cpp(441,2): warning C4996: 'strcat': This function or variable may be unsafe. Consider using strcat_s instead. To disable deprecation, use _CRT_SECURE_NO_WARNINGS. See online help for details.
D:\visual studio project\yuyucloudmusic v2.4\Project_List\playerWindow.cpp(444,3): warning C4996: 'strcat': This function or variable may be unsafe. Consider using strcat_s instead. To disable deprecation, use _CRT_SECURE_NO_WARNINGS. See online help for details.
D:\visual studio project\yuyucloudmusic v2.4\Project_List\playerWindow.cpp(446,2): warning C4996: 'strcat': This function or variable may be unsafe. Consider using strcat_s instead. To disable deprecation, use _CRT_SECURE_NO_WARNINGS. See online help for details.
  util.cpp
D:\visual studio project\yuyucloudmusic v2.4\Project_List\util.cpp(136,2): warning C4996: 'sprintf': This function or variable may be unsafe. Consider using sprintf_s instead. To disable deprecation, use _CRT_SECURE_NO_WARNINGS. See online help for details.
D:\visual studio project\yuyucloudmusic v2.4\Project_List\util.cpp(150,2): warning C4996: 'sprintf': This function or variable may be unsafe. Consider using sprintf_s instead. To disable deprecation, use _CRT_SECURE_NO_WARNINGS. See online help for details.
D:\visual studio project\yuyucloudmusic v2.4\Project_List\util.cpp(207,2): warning C4996: 'itoa': The POSIX name for this item is deprecated. Instead, use the ISO C and C++ conformant name: _itoa. See online help for details.
D:\visual studio project\yuyucloudmusic v2.4\Project_List\util.cpp(208,2): warning C4996: 'strcat': This function or variable may be unsafe. Consider using strcat_s instead. To disable deprecation, use _CRT_SECURE_NO_WARNINGS. See online help for details.
D:\visual studio project\yuyucloudmusic v2.4\Project_List\util.cpp(223,2): warning C4996: 'itoa': The POSIX name for this item is deprecated. Instead, use the ISO C and C++ conformant name: _itoa. See online help for details.
D:\visual studio project\yuyucloudmusic v2.4\Project_List\util.cpp(224,2): warning C4996: 'strcat': This function or variable may be unsafe. Consider using strcat_s instead. To disable deprecation, use _CRT_SECURE_NO_WARNINGS. See online help for details.
D:\visual studio project\yuyucloudmusic v2.4\Project_List\util.cpp(230,18): warning C4996: 'fopen': This function or variable may be unsafe. Consider using fopen_s instead. To disable deprecation, use _CRT_SECURE_NO_WARNINGS. See online help for details.
D:\visual studio project\yuyucloudmusic v2.4\Project_List\util.cpp(238,6): warning C4996: 'gmtime': This function or variable may be unsafe. Consider using gmtime_s instead. To disable deprecation, use _CRT_SECURE_NO_WARNINGS. See online help for details.
  正在生成代码...
D:\visual studio project\yuyucloudmusic v2.4\Project_List\util.cpp(57): warning C4715: “openMusic”: 不是所有的控件路径都返回值
D:\visual studio project\yuyucloudmusic v2.4\Project_List\util.cpp(242): warning C4715: “w_log”: 不是所有的控件路径都返回值
D:\visual studio project\yuyucloudmusic v2.4\Project_List\playerWindow.cpp(447): warning C4172: 返回局部变量或临时变量的地址: tatol
  Project_List.vcxproj -> D:\visual studio project\yuyucloudmusic v2.4\Debug\Project_List.exe
